<?xml version="1.0" encoding="UTF-8"?>
<!-- Generated by org.testng.reporters.JUnitXMLReporter -->
<testsuite ignored="0" hostname="LAPTOP-DPJG76EM" failures="3" tests="10" name="Surefire test" time="143.506" errors="0" timestamp="2024-09-25T19:14:30 IST">
  <testcase classname="testCases.PF1_LoginTest" name="verifyLoginWithInvalidCredentials" time="4.287"/>
  <testcase classname="testCases.PF1_LoginTest" name="verifyLoginWithValidCredentials" time="5.877"/>
  <testcase classname="testCases.PF1_LoginTest" name="verifyLoginWithValidCredentials" time="6.047"/>
  <testcase classname="testCases.PF1_LoginTest" name="verifyLoginWithValidCredentials" time="7.605"/>
  <testcase classname="testCases.PF1_RegistrationTest" name="VerifyRegisterAccountWithoutAnyDetails" time="0.008">
    <failure type="java.lang.NullPointerException" message="Cannot invoke &amp;quot;org.openqa.selenium.WebDriver.findElement(org.openqa.selenium.By)&amp;quot; because &amp;quot;this.driver&amp;quot; is null">
      <![CDATA[java.lang.NullPointerException: Cannot invoke "org.openqa.selenium.WebDriver.findElement(org.openqa.selenium.By)" because "this.driver" is null
at pages.PF1_RegistrationPage.<init>(PF1_RegistrationPage.java:32)
at testCases.PF1_RegistrationTest.VerifyRegisterAccountWithoutAnyDetails(PF1_RegistrationTest.java:39)
at java.base/java.util.ArrayList.forEach(ArrayList.java:1597)
... Removed 30 stack frames]]>
    </failure>
  </testcase> <!-- VerifyRegisterAccountWithoutAnyDetails -->
  <testcase classname="testCases.PF1_RegistrationTest" name="VerifyRegisterAccountWithAllFields" time="0.011">
    <failure type="java.lang.NullPointerException" message="Cannot invoke &amp;quot;org.openqa.selenium.WebDriver.findElement(org.openqa.selenium.By)&amp;quot; because &amp;quot;this.driver&amp;quot; is null">
      <![CDATA[java.lang.NullPointerException: Cannot invoke "org.openqa.selenium.WebDriver.findElement(org.openqa.selenium.By)" because "this.driver" is null
at pages.PF1_RegistrationPage.<init>(PF1_RegistrationPage.java:32)
at testCases.PF1_RegistrationTest.VerifyRegisterAccountWithAllFields(PF1_RegistrationTest.java:51)
at java.base/java.util.ArrayList.forEach(ArrayList.java:1597)
... Removed 30 stack frames]]>
    </failure>
  </testcase> <!-- VerifyRegisterAccountWithAllFields -->
  <testcase classname="testCases.PF1_SearchTest" name="verifySearchWithValidProduct" time="6.228"/>
  <testcase classname="testCases.PF1_SearchTest" name="verifySearchWithInvalidProduct" time="1.192"/>
  <testcase classname="testCases.PF1_SearchTest" name="verifySearchWithInvalidProduct1" time="3.078">
    <failure type="java.lang.AssertionError" message="expected [There is no product that matches the search criteria-FailDemo.] but found [There is no product that matches the search criteria.]">
      <![CDATA[java.lang.AssertionError: expected [There is no product that matches the search criteria-FailDemo.] but found [There is no product that matches the search criteria.]
at testCases.PF1_SearchTest.verifySearchWithInvalidProduct1(PF1_SearchTest.java:49)
at java.base/java.util.ArrayList.forEach(ArrayList.java:1597)
... Removed 36 stack frames]]>
    </failure>
  </testcase> <!-- verifySearchWithInvalidProduct1 -->
  <testcase classname="testCases.PF1_SearchTest" name="verifySearchWithInvalidProduct2" time="0.0">
    <skipped/>
  </testcase> <!-- verifySearchWithInvalidProduct2 -->
</testsuite> <!-- Surefire test -->
