<?xml version="1.0" encoding="UTF-8"?>
<!-- Generated by org.testng.reporters.JUnitXMLReporter -->
<testsuite ignored="0" hostname="LAPTOP-DPJG76EM" failures="1" tests="13" name="Development" time="166.039" errors="0" timestamp="2024-11-06T15:36:30 IST">
  <testcase classname="testCases.PF1_LoginTest" name="verifyLoginWithInvalidCredentials" time="10.138"/>
  <testcase classname="testCases.PF1_LoginTest" name="verifyLoginWithValidCredentials" time="12.263"/>
  <testcase classname="testCases.PF1_LoginTest" name="verifyLoginWithValidCredentials" time="10.47"/>
  <testcase classname="testCases.PF1_LoginTest" name="verifyLoginWithValidCredentials" time="7.208"/>
  <testcase classname="testCases.PF1_RegistrationTest" name="VerifyRegistration_button" time="0.974"/>
  <testcase classname="testCases.PF1_RegistrationTest" name="VerifyRegistration_PrivacyWarning" time="0.663"/>
  <testcase classname="testCases.PF1_RegistrationTest" name="VerifyRegistration_Name_emailWarning" time="0.104"/>
  <testcase classname="testCases.PF1_RegistrationTest" name="VerifyRegisterAccountWithAllFields" time="2.237"/>
  <testcase classname="testCases.PF1_RegistrationTest" name="VerifyLogOut" time="0.848"/>
  <testcase classname="testCases.PF1_SearchTest" name="verifySearchWithValidProduct" time="2.574"/>
  <testcase classname="testCases.PF1_SearchTest" name="verifySearchWithInvalidProduct" time="0.985"/>
  <testcase classname="testCases.PF1_SearchTest" name="verifySearchWithInvalidProduct1" time="1.184">
    <failure type="java.lang.AssertionError" message="expected [Fail-There is no product that matches the search criteria-FailDemo.] but found [There is no product that matches the search criteria.]">
      <![CDATA[java.lang.AssertionError: expected [Fail-There is no product that matches the search criteria-FailDemo.] but found [There is no product that matches the search criteria.]
at testCases.PF1_SearchTest.verifySearchWithInvalidProduct1(PF1_SearchTest.java:52)
at java.base/java.util.ArrayList.forEach(ArrayList.java:1597)
... Removed 31 stack frames]]>
    </failure>
  </testcase> <!-- verifySearchWithInvalidProduct1 -->
  <testcase classname="testCases.PF1_SearchTest" name="verifySearchWithInvalidProduct2" time="0.001">
    <skipped/>
  </testcase> <!-- verifySearchWithInvalidProduct2 -->
</testsuite> <!-- Development -->
