<?xml version="1.0" encoding="UTF-8"?>
<testng-results ignored="0" total="13" passed="11" failed="1" skipped="1">
  <reporter-output>
  </reporter-output>
  <suite started-at="2024-11-06T15:33:41 IST" name="tutorialsNinjaProj-POM-PageFactory" finished-at="2024-11-06T15:36:27 IST" duration-ms="166039">
    <groups>
    </groups>
    <test started-at="2024-11-06T15:33:41 IST" name="Development" finished-at="2024-11-06T15:36:27 IST" duration-ms="166039">
      <class name="testCases.PF1_SearchTest">
        <test-method is-config="true" signature="setup()[pri:0, instance:testCases.PF1_SearchTest@2101b44a]" started-at="2024-11-06T15:36:01 IST" name="setup" finished-at="2024-11-06T15:36:19 IST" duration-ms="17439" status="PASS">
          <reporter-output>
          </reporter-output>
        </test-method> <!-- setup -->
        <test-method signature="verifySearchWithValidProduct()[pri:1, instance:testCases.PF1_SearchTest@2101b44a]" started-at="2024-11-06T15:36:19 IST" name="verifySearchWithValidProduct" finished-at="2024-11-06T15:36:21 IST" duration-ms="2574" status="PASS">
          <reporter-output>
          </reporter-output>
        </test-method> <!-- verifySearchWithValidProduct -->
        <test-method signature="verifySearchWithInvalidProduct()[pri:2, instance:testCases.PF1_SearchTest@2101b44a]" started-at="2024-11-06T15:36:21 IST" name="verifySearchWithInvalidProduct" finished-at="2024-11-06T15:36:22 IST" duration-ms="985" status="PASS">
          <reporter-output>
          </reporter-output>
        </test-method> <!-- verifySearchWithInvalidProduct -->
        <test-method signature="verifySearchWithInvalidProduct1()[pri:3, instance:testCases.PF1_SearchTest@2101b44a]" started-at="2024-11-06T15:36:22 IST" name="verifySearchWithInvalidProduct1" finished-at="2024-11-06T15:36:23 IST" duration-ms="1184" status="FAIL">
          <exception class="java.lang.AssertionError">
            <message>
              <![CDATA[expected [Fail-There is no product that matches the search criteria-FailDemo.] but found [There is no product that matches the search criteria.]]]>
            </message>
            <full-stacktrace>
              <![CDATA[java.lang.AssertionError: expected [Fail-There is no product that matches the search criteria-FailDemo.] but found [There is no product that matches the search criteria.]
at org.testng.Assert.fail(Assert.java:111)
at org.testng.Assert.failNotEquals(Assert.java:1578)
at org.testng.Assert.assertEqualsImpl(Assert.java:150)
at org.testng.Assert.assertEquals(Assert.java:132)
at org.testng.Assert.assertEquals(Assert.java:656)
at org.testng.Assert.assertEquals(Assert.java:666)
at testCases.PF1_SearchTest.verifySearchWithInvalidProduct1(PF1_SearchTest.java:52)
at java.base/jdk.internal.reflect.DirectMethodHandleAccessor.invoke(DirectMethodHandleAccessor.java:103)
at java.base/java.lang.reflect.Method.invoke(Method.java:580)
at org.testng.internal.invokers.MethodInvocationHelper.invokeMethod(MethodInvocationHelper.java:139)
at org.testng.internal.invokers.TestInvoker.invokeMethod(TestInvoker.java:664)
at org.testng.internal.invokers.TestInvoker.invokeTestMethod(TestInvoker.java:228)
at org.testng.internal.invokers.MethodRunner.runInSequence(MethodRunner.java:63)
at org.testng.internal.invokers.TestInvoker$MethodInvocationAgent.invoke(TestInvoker.java:961)
at org.testng.internal.invokers.TestInvoker.invokeTestMethods(TestInvoker.java:201)
at org.testng.internal.invokers.TestMethodWorker.invokeTestMethods(TestMethodWorker.java:148)
at org.testng.internal.invokers.TestMethodWorker.run(TestMethodWorker.java:128)
at java.base/java.util.ArrayList.forEach(ArrayList.java:1597)
at org.testng.TestRunner.privateRun(TestRunner.java:819)
at org.testng.TestRunner.run(TestRunner.java:619)
at org.testng.SuiteRunner.runTest(SuiteRunner.java:443)
at org.testng.SuiteRunner.runSequentially(SuiteRunner.java:437)
at org.testng.SuiteRunner.privateRun(SuiteRunner.java:397)
at org.testng.SuiteRunner.run(SuiteRunner.java:336)
at org.testng.SuiteRunnerWorker.runSuite(SuiteRunnerWorker.java:52)
at org.testng.SuiteRunnerWorker.run(SuiteRunnerWorker.java:95)
at org.testng.TestNG.runSuitesSequentially(TestNG.java:1301)
at org.testng.TestNG.runSuitesLocally(TestNG.java:1228)
at org.testng.TestNG.runSuites(TestNG.java:1134)
at org.testng.TestNG.run(TestNG.java:1101)
at org.testng.remote.AbstractRemoteTestNG.run(AbstractRemoteTestNG.java:115)
at org.testng.remote.RemoteTestNG.initAndRun(RemoteTestNG.java:293)
at org.testng.remote.RemoteTestNG.main(RemoteTestNG.java:91)
]]>
            </full-stacktrace>
          </exception> <!-- java.lang.AssertionError -->
          <reporter-output>
          </reporter-output>
        </test-method> <!-- verifySearchWithInvalidProduct1 -->
        <test-method signature="verifySearchWithInvalidProduct2()[pri:4, instance:testCases.PF1_SearchTest@2101b44a]" started-at="2024-11-06T15:36:24 IST" name="verifySearchWithInvalidProduct2" finished-at="2024-11-06T15:36:24 IST" depends-on-methods="testCases.PF1_SearchTest.verifySearchWithInvalidProduct1" duration-ms="1" status="SKIP">
          <exception class="java.lang.Throwable">
            <message>
              <![CDATA[Method testCases.PF1_SearchTest.verifySearchWithInvalidProduct2() on instance testCases.PF1_SearchTest@2101b44a depends on not successfully finished methods 
[testCases.PF1_SearchTest.verifySearchWithInvalidProduct1() on instance testCases.PF1_SearchTest@2101b44a]]]>
            </message>
            <full-stacktrace>
              <![CDATA[java.lang.Throwable: Method testCases.PF1_SearchTest.verifySearchWithInvalidProduct2() on instance testCases.PF1_SearchTest@2101b44a depends on not successfully finished methods 
[testCases.PF1_SearchTest.verifySearchWithInvalidProduct1() on instance testCases.PF1_SearchTest@2101b44a]
at org.testng.internal.invokers.TestInvoker.invokeTestMethods(TestInvoker.java:157)
at org.testng.internal.invokers.TestMethodWorker.invokeTestMethods(TestMethodWorker.java:148)
at org.testng.internal.invokers.TestMethodWorker.run(TestMethodWorker.java:128)
at java.base/java.util.ArrayList.forEach(ArrayList.java:1597)
at org.testng.TestRunner.privateRun(TestRunner.java:819)
at org.testng.TestRunner.run(TestRunner.java:619)
at org.testng.SuiteRunner.runTest(SuiteRunner.java:443)
at org.testng.SuiteRunner.runSequentially(SuiteRunner.java:437)
at org.testng.SuiteRunner.privateRun(SuiteRunner.java:397)
at org.testng.SuiteRunner.run(SuiteRunner.java:336)
at org.testng.SuiteRunnerWorker.runSuite(SuiteRunnerWorker.java:52)
at org.testng.SuiteRunnerWorker.run(SuiteRunnerWorker.java:95)
at org.testng.TestNG.runSuitesSequentially(TestNG.java:1301)
at org.testng.TestNG.runSuitesLocally(TestNG.java:1228)
at org.testng.TestNG.runSuites(TestNG.java:1134)
at org.testng.TestNG.run(TestNG.java:1101)
at org.testng.remote.AbstractRemoteTestNG.run(AbstractRemoteTestNG.java:115)
at org.testng.remote.RemoteTestNG.initAndRun(RemoteTestNG.java:293)
at org.testng.remote.RemoteTestNG.main(RemoteTestNG.java:91)
]]>
            </full-stacktrace>
          </exception> <!-- java.lang.Throwable -->
          <reporter-output>
          </reporter-output>
        </test-method> <!-- verifySearchWithInvalidProduct2 -->
        <test-method is-config="true" signature="teardown()[pri:0, instance:testCases.PF1_SearchTest@2101b44a]" started-at="2024-11-06T15:36:24 IST" name="teardown" finished-at="2024-11-06T15:36:27 IST" duration-ms="3509" status="PASS">
          <reporter-output>
          </reporter-output>
        </test-method> <!-- teardown -->
      </class> <!-- testCases.PF1_SearchTest -->
      <class name="testCases.PF1_LoginTest">
        <test-method is-config="true" signature="setup()[pri:0, instance:testCases.PF1_LoginTest@7f6f61c8]" started-at="2024-11-06T15:33:41 IST" name="setup" finished-at="2024-11-06T15:34:29 IST" duration-ms="47586" status="PASS">
          <reporter-output>
          </reporter-output>
        </test-method> <!-- setup -->
        <test-method signature="verifyLoginWithInvalidCredentials()[pri:1, instance:testCases.PF1_LoginTest@7f6f61c8]" started-at="2024-11-06T15:34:29 IST" name="verifyLoginWithInvalidCredentials" finished-at="2024-11-06T15:34:40 IST" duration-ms="10138" status="PASS">
          <reporter-output>
          </reporter-output>
        </test-method> <!-- verifyLoginWithInvalidCredentials -->
        <test-method signature="verifyLoginWithValidCredentials(java.lang.String,java.lang.String)[pri:2, instance:testCases.PF1_LoginTest@7f6f61c8]" started-at="2024-11-06T15:34:52 IST" name="verifyLoginWithValidCredentials" data-provider="LoginData" finished-at="2024-11-06T15:35:04 IST" duration-ms="12263" status="PASS">
          <params>
            <param index="0">
              <value>
                <![CDATA[amotooricap@gmail.com]]>
              </value>
            </param>
            <param index="1">
              <value>
                <![CDATA[12345]]>
              </value>
            </param>
          </params>
          <reporter-output>
          </reporter-output>
        </test-method> <!-- verifyLoginWithValidCredentials -->
        <test-method signature="verifyLoginWithValidCredentials(java.lang.String,java.lang.String)[pri:2, instance:testCases.PF1_LoginTest@7f6f61c8]" started-at="2024-11-06T15:35:04 IST" name="verifyLoginWithValidCredentials" data-provider="LoginData" finished-at="2024-11-06T15:35:15 IST" duration-ms="10470" status="PASS">
          <params>
            <param index="0">
              <value>
                <![CDATA[amotooricap1122@gmail.com]]>
              </value>
            </param>
            <param index="1">
              <value>
                <![CDATA[12346]]>
              </value>
            </param>
          </params>
          <reporter-output>
          </reporter-output>
        </test-method> <!-- verifyLoginWithValidCredentials -->
        <test-method signature="verifyLoginWithValidCredentials(java.lang.String,java.lang.String)[pri:2, instance:testCases.PF1_LoginTest@7f6f61c8]" started-at="2024-11-06T15:35:15 IST" name="verifyLoginWithValidCredentials" data-provider="LoginData" finished-at="2024-11-06T15:35:22 IST" duration-ms="7208" status="PASS">
          <params>
            <param index="0">
              <value>
                <![CDATA[amotooricap2211@gmail.com]]>
              </value>
            </param>
            <param index="1">
              <value>
                <![CDATA[12347]]>
              </value>
            </param>
          </params>
          <reporter-output>
          </reporter-output>
        </test-method> <!-- verifyLoginWithValidCredentials -->
        <test-method is-config="true" signature="teardown()[pri:0, instance:testCases.PF1_LoginTest@7f6f61c8]" started-at="2024-11-06T15:35:22 IST" name="teardown" finished-at="2024-11-06T15:35:32 IST" duration-ms="10180" status="PASS">
          <reporter-output>
          </reporter-output>
        </test-method> <!-- teardown -->
      </class> <!-- testCases.PF1_LoginTest -->
      <class name="testCases.PF1_RegistrationTest">
        <test-method is-config="true" signature="setup()[pri:0, instance:testCases.PF1_RegistrationTest@52d645b1]" started-at="2024-11-06T15:35:32 IST" name="setup" finished-at="2024-11-06T15:35:53 IST" duration-ms="20609" status="PASS">
          <reporter-output>
          </reporter-output>
        </test-method> <!-- setup -->
        <test-method signature="VerifyRegistration_button()[pri:1, instance:testCases.PF1_RegistrationTest@52d645b1]" started-at="2024-11-06T15:35:53 IST" name="VerifyRegistration_button" finished-at="2024-11-06T15:35:54 IST" duration-ms="974" status="PASS">
          <reporter-output>
          </reporter-output>
        </test-method> <!-- VerifyRegistration_button -->
        <test-method signature="VerifyRegistration_PrivacyWarning()[pri:2, instance:testCases.PF1_RegistrationTest@52d645b1]" started-at="2024-11-06T15:35:54 IST" name="VerifyRegistration_PrivacyWarning" finished-at="2024-11-06T15:35:55 IST" depends-on-methods="testCases.PF1_RegistrationTest.VerifyRegistration_button" duration-ms="663" status="PASS">
          <reporter-output>
          </reporter-output>
        </test-method> <!-- VerifyRegistration_PrivacyWarning -->
        <test-method signature="VerifyRegistration_Name_emailWarning()[pri:3, instance:testCases.PF1_RegistrationTest@52d645b1]" started-at="2024-11-06T15:35:55 IST" name="VerifyRegistration_Name_emailWarning" finished-at="2024-11-06T15:35:55 IST" depends-on-methods="testCases.PF1_RegistrationTest.VerifyRegistration_button" duration-ms="104" status="PASS">
          <reporter-output>
          </reporter-output>
        </test-method> <!-- VerifyRegistration_Name_emailWarning -->
        <test-method signature="VerifyRegisterAccountWithAllFields()[pri:4, instance:testCases.PF1_RegistrationTest@52d645b1]" started-at="2024-11-06T15:35:55 IST" name="VerifyRegisterAccountWithAllFields" finished-at="2024-11-06T15:35:57 IST" duration-ms="2237" status="PASS">
          <reporter-output>
          </reporter-output>
        </test-method> <!-- VerifyRegisterAccountWithAllFields -->
        <test-method signature="VerifyLogOut()[pri:5, instance:testCases.PF1_RegistrationTest@52d645b1]" started-at="2024-11-06T15:35:57 IST" name="VerifyLogOut" finished-at="2024-11-06T15:35:58 IST" duration-ms="848" status="PASS">
          <reporter-output>
          </reporter-output>
        </test-method> <!-- VerifyLogOut -->
        <test-method is-config="true" signature="teardown()[pri:0, instance:testCases.PF1_RegistrationTest@52d645b1]" started-at="2024-11-06T15:35:58 IST" name="teardown" finished-at="2024-11-06T15:36:01 IST" duration-ms="3245" status="PASS">
          <reporter-output>
          </reporter-output>
        </test-method> <!-- teardown -->
      </class> <!-- testCases.PF1_RegistrationTest -->
    </test> <!-- Development -->
  </suite> <!-- tutorialsNinjaProj-POM-PageFactory -->
</testng-results>
