<?xml version="1.0" encoding="UTF-8"?>
<!-- Generated by org.testng.reporters.JUnitXMLReporter -->
<testsuite ignored="0" hostname="LAPTOP-DPJG76EM" failures="1" tests="13" name="Development" time="56.8" errors="0" timestamp="2024-10-10T21:33:39 IST">
  <testcase classname="testCases.PF1_LoginTest" name="verifyLoginWithInvalidCredentials" time="2.814"/>
  <testcase classname="testCases.PF1_LoginTest" name="verifyLoginWithValidCredentials" time="3.471"/>
  <testcase classname="testCases.PF1_LoginTest" name="verifyLoginWithValidCredentials" time="2.85"/>
  <testcase classname="testCases.PF1_LoginTest" name="verifyLoginWithValidCredentials" time="2.995"/>
  <testcase classname="testCases.PF1_RegistrationTest" name="VerifyRegistration_button" time="0.78"/>
  <testcase classname="testCases.PF1_RegistrationTest" name="VerifyRegistration_PrivacyWarning" time="0.201"/>
  <testcase classname="testCases.PF1_RegistrationTest" name="VerifyRegistration_Name_emailWarning" time="0.345"/>
  <testcase classname="testCases.PF1_RegistrationTest" name="VerifyRegisterAccountWithAllFields" time="3.431"/>
  <testcase classname="testCases.PF1_RegistrationTest" name="VerifyLogOut" time="1.222"/>
  <testcase classname="testCases.PF1_SearchTest" name="verifySearchWithValidProduct" time="2.274"/>
  <testcase classname="testCases.PF1_SearchTest" name="verifySearchWithInvalidProduct" time="1.155"/>
  <testcase classname="testCases.PF1_SearchTest" name="verifySearchWithInvalidProduct1" time="1.196">
    <failure type="java.lang.AssertionError" message="expected [There is no product that matches the search criteria-FailDemo.] but found [There is no product that matches the search criteria.]">
      <![CDATA[java.lang.AssertionError: expected [There is no product that matches the search criteria-FailDemo.] but found [There is no product that matches the search criteria.]
at testCases.PF1_SearchTest.verifySearchWithInvalidProduct1(PF1_SearchTest.java:49)
at java.base/java.util.ArrayList.forEach(ArrayList.java:1597)
... Removed 35 stack frames]]>
    </failure>
  </testcase> <!-- verifySearchWithInvalidProduct1 -->
  <testcase classname="testCases.PF1_SearchTest" name="verifySearchWithInvalidProduct2" time="0.0">
    <skipped/>
  </testcase> <!-- verifySearchWithInvalidProduct2 -->
</testsuite> <!-- Development -->
